<?xml version="1.0" encoding="UTF-8"?>
<!-- Generated by org.testng.reporters.JUnitXMLReporter -->
<testsuite hostname="LAPTOP-4MO39718" name="Default test" tests="9" failures="0" timestamp="4 May 2019 08:34:05 GMT" time="0.045" errors="0">
  <testcase name="@BeforeClass BeforeClass" time="0.0" classname="BecowTestcases.CreateProductScript">
    <failure type="org.testng.TestNGException" message="
Parameter &amp;apos;browser&amp;apos; is required by @Configuration on method BeforeClass but has not been marked @Optional or defined
in C:\Users\Duyen Do\AppData\Local\Temp\testng-eclipse--79054623\testng-customsuite.xml">
      <![CDATA[org.testng.TestNGException: 
Parameter 'browser' is required by @Configuration on method BeforeClass but has not been marked @Optional or defined
in C:\Users\Duyen Do\AppData\Local\Temp\testng-eclipse--79054623\testng-customsuite.xml
	at org.testng.internal.Parameters.createParameters(Parameters.java:155)
	at org.testng.internal.Parameters.createParameters(Parameters.java:355)
	at org.testng.internal.Parameters.createConfigurationParameters(Parameters.java:86)
	at org.testng.internal.Invoker.invokeConfigurations(Invoker.java:199)
	at org.testng.internal.Invoker.invokeConfigurations(Invoker.java:138)
	at org.testng.internal.TestMethodWorker.invokeBeforeClassMethods(TestMethodWorker.java:175)
	at org.testng.internal.TestMethodWorker.run(TestMethodWorker.java:107)
	at org.testng.TestRunner.privateRun(TestRunner.java:767)
	at org.testng.TestRunner.run(TestRunner.java:617)
	at org.testng.SuiteRunner.runTest(SuiteRunner.java:334)
	at org.testng.SuiteRunner.runSequentially(SuiteRunner.java:329)
	at org.testng.SuiteRunner.privateRun(SuiteRunner.java:291)
	at org.testng.SuiteRunner.run(SuiteRunner.java:240)
	at org.testng.SuiteRunnerWorker.runSuite(SuiteRunnerWorker.java:52)
	at org.testng.SuiteRunnerWorker.run(SuiteRunnerWorker.java:86)
	at org.testng.TestNG.runSuitesSequentially(TestNG.java:1198)
	at org.testng.TestNG.runSuitesLocally(TestNG.java:1123)
	at org.testng.TestNG.run(TestNG.java:1031)
	at org.testng.remote.AbstractRemoteTestNG.run(AbstractRemoteTestNG.java:114)
	at org.testng.remote.RemoteTestNG.initAndRun(RemoteTestNG.java:251)
	at org.testng.remote.RemoteTestNG.main(RemoteTestNG.java:77)
]]>
    </failure>
  </testcase> <!-- @BeforeClass BeforeClass -->
  <testcase name="@BeforeMethod BeforeMethod" time="0.0" classname="BecowTestcases.CreateProductScript">
    <skipped/>
  </testcase> <!-- @BeforeMethod BeforeMethod -->
  <testcase name="@BeforeMethod BeforeMethod" time="0.0" classname="BecowTestcases.CreateProductScript">
    <skipped/>
  </testcase> <!-- @BeforeMethod BeforeMethod -->
  <testcase name="@BeforeMethod BeforeMethod" time="0.0" classname="BecowTestcases.CreateProductScript">
    <skipped/>
  </testcase> <!-- @BeforeMethod BeforeMethod -->
  <testcase name="@BeforeMethod BeforeMethod" time="0.0" classname="BecowTestcases.CreateProductScript">
    <skipped/>
  </testcase> <!-- @BeforeMethod BeforeMethod -->
  <testcase name="@BeforeMethod BeforeMethod" time="0.0" classname="BecowTestcases.CreateProductScript">
    <skipped/>
  </testcase> <!-- @BeforeMethod BeforeMethod -->
  <testcase name="@BeforeMethod BeforeMethod" time="0.0" classname="BecowTestcases.CreateProductScript">
    <skipped/>
  </testcase> <!-- @BeforeMethod BeforeMethod -->
  <testcase name="@BeforeMethod BeforeMethod" time="0.0" classname="BecowTestcases.CreateProductScript">
    <skipped/>
  </testcase> <!-- @BeforeMethod BeforeMethod -->
  <testcase name="@BeforeMethod BeforeMethod" time="0.0" classname="BecowTestcases.CreateProductScript">
    <skipped/>
  </testcase> <!-- @BeforeMethod BeforeMethod -->
  <testcase name="@BeforeMethod BeforeMethod" time="0.0" classname="BecowTestcases.CreateProductScript">
    <skipped/>
  </testcase> <!-- @BeforeMethod BeforeMethod -->
  <testcase name="TC_01_URL_UploadProduct" time="0.005" classname="BecowTestcases.CreateProductScript">
    <skipped/>
  </testcase> <!-- TC_01_URL_UploadProduct -->
  <testcase name="TC_02_CreateProductWithoutInputRequireFields" time="0.001" classname="BecowTestcases.CreateProductScript">
    <skipped/>
  </testcase> <!-- TC_02_CreateProductWithoutInputRequireFields -->
  <testcase name="TC_03_JustUploadImage" time="0.0" classname="BecowTestcases.CreateProductScript">
    <skipped/>
  </testcase> <!-- TC_03_JustUploadImage -->
  <testcase name="TC_04_JustUploadImageInputRandomProductName" time="0.001" classname="BecowTestcases.CreateProductScript">
    <skipped/>
  </testcase> <!-- TC_04_JustUploadImageInputRandomProductName -->
  <testcase name="TC_05_RandomSelectDanhMuc" time="0.001" classname="BecowTestcases.CreateProductScript">
    <skipped/>
  </testcase> <!-- TC_05_RandomSelectDanhMuc -->
  <testcase name="TC_06_RandomDanhMucAndInputDescription" time="0.0" classname="BecowTestcases.CreateProductScript">
    <skipped/>
  </testcase> <!-- TC_06_RandomDanhMucAndInputDescription -->
  <testcase name="TC_07_RandomDanhMucAndInputDescriptionInputQuantity" time="0.001" classname="BecowTestcases.CreateProductScript">
    <skipped/>
  </testcase> <!-- TC_07_RandomDanhMucAndInputDescriptionInputQuantity -->
  <testcase name="TC_08_RandomDanhMucAndInputDescriptionInputQuantityInputWidth" time="0.001" classname="BecowTestcases.CreateProductScript">
    <skipped/>
  </testcase> <!-- TC_08_RandomDanhMucAndInputDescriptionInputQuantityInputWidth -->
  <testcase name="TC_09_CreateProductSuccessfully" time="0.0" classname="BecowTestcases.CreateProductScript">
    <skipped/>
  </testcase> <!-- TC_09_CreateProductSuccessfully -->
</testsuite> <!-- Default test -->
