<?xml version="1.0" encoding="UTF-8"?>
<!-- Generated by org.testng.reporters.JUnitXMLReporter -->
<testsuite hostname="LAPTOP-4MO39718" name="Becow Project" tests="24" failures="0" timestamp="12 May 2019 04:37:28 GMT" time="317.906" errors="0">
  <testcase name="TC_09_CreateProductWithoutInputRequireFields" time="0.739" classname="BecowTestcases.CreateProductScript"/>
  <testcase name="TC_10_JustUploadImage" time="0.846" classname="BecowTestcases.CreateProductScript"/>
  <testcase name="TC_11_JustUploadImageInputRandomProductName" time="1.943" classname="BecowTestcases.CreateProductScript"/>
  <testcase name="TC_12_RandomSelectDanhMuc" time="5.422" classname="BecowTestcases.CreateProductScript"/>
  <testcase name="TC_14_RandomDanhMucAndInputDescription" time="5.989" classname="BecowTestcases.CreateProductScript"/>
  <testcase name="TC_15_RandomDanhMucAndInputDescriptionInputQuantity" time="5.218" classname="BecowTestcases.CreateProductScript"/>
  <testcase name="TC_16_RandomDanhMucAndInputDescriptionInputQuantityInputPrice" time="6.353" classname="BecowTestcases.CreateProductScript"/>
  <testcase name="TC_17_RandomDanhMucAndInputDescriptionInputQuantityInputWeight49" time="11.741" classname="BecowTestcases.CreateProductScript"/>
  <testcase name="TC_18_RandomDanhMucAndInputDescriptionInputQuantityInputWeight10001" time="16.349" classname="BecowTestcases.CreateProductScript"/>
  <testcase name="TC_19_RandomDanhMucAndInputDescriptionInputQuantityInputWeight50" time="16.446" classname="BecowTestcases.CreateProductScript"/>
  <testcase name="TC_21_InputWith0" time="6.811" classname="BecowTestcases.CreateProductScript"/>
  <testcase name="TC_22_InputWith51" time="6.826" classname="BecowTestcases.CreateProductScript"/>
  <testcase name="TC_23_InputWith1" time="5.251" classname="BecowTestcases.CreateProductScript"/>
  <testcase name="TC_24_InputWith50" time="6.423" classname="BecowTestcases.CreateProductScript"/>
  <testcase name="TC_25_InputLength0" time="6.634" classname="BecowTestcases.CreateProductScript"/>
  <testcase name="TC_26_InputLength31" time="6.859" classname="BecowTestcases.CreateProductScript"/>
  <testcase name="TC_27_InputLength1" time="6.832" classname="BecowTestcases.CreateProductScript"/>
  <testcase name="TC_28_InputLength30" time="6.86" classname="BecowTestcases.CreateProductScript"/>
  <testcase name="TC_29_InputHeight0" time="7.216" classname="BecowTestcases.CreateProductScript"/>
  <testcase name="TC_30_InputHeight51" time="7.428" classname="BecowTestcases.CreateProductScript"/>
  <testcase name="TC_31_CreateProductSuccessfullyIfInputHeight1" time="9.772" classname="BecowTestcases.CreateProductScript"/>
  <testcase name="TC_32_CreateProductSuccessfullyIfInputHeight50" time="8.603" classname="BecowTestcases.CreateProductScript"/>
  <testcase name="TC_33_AllFieldsLikeUserInputted" time="30.505" classname="BecowTestcases.CreateProductScript"/>
  <testcase name="TC_34_UpdateQuantityIs0WillShowHetHang" time="25.98" classname="BecowTestcases.CreateProductScript"/>
</testsuite> <!-- Becow Project -->
