<?xml version="1.0" encoding="UTF-8"?>
<!-- Generated by org.testng.reporters.JUnitXMLReporter -->
<testsuite hostname="LAPTOP-4MO39718" name="Login becow on Firefox" tests="7" failures="0" timestamp="4 May 2019 04:18:37 GMT" time="45.007" errors="0">
  <testcase name="TC_01_LoginEmptyEmailAndPassWord" time="0.675" classname="BecowTestcases.LoginPageScript"/>
  <testcase name="TC_02_LoginWrongSDTFormat" time="0.713" classname="BecowTestcases.LoginPageScript"/>
  <testcase name="TC_03_LoginWrongEMAILFormat" time="0.679" classname="BecowTestcases.LoginPageScript"/>
  <testcase name="TC_04_LoginIncorrectAccount" time="0.661" classname="BecowTestcases.LoginPageScript"/>
  <testcase name="TC_05_LoginIncorrectAccountAndIncorrectPassword" time="0.731" classname="BecowTestcases.LoginPageScript"/>
  <testcase name="TC_06_LoginIncorrectEmailOrSdtOrPassword" time="0.8" classname="BecowTestcases.LoginPageScript"/>
  <testcase name="TC_07_LoginSucessFully" time="9.236" classname="BecowTestcases.LoginPageScript"/>
</testsuite> <!-- Login becow on Firefox -->
