<?xml version="1.0" encoding="UTF-8"?>
<testng-results skipped="0" failed="0" total="24" passed="24">
  <reporter-output>
  </reporter-output>
  <suite name="Suite" duration-ms="317906" started-at="2019-05-12T04:32:10Z" finished-at="2019-05-12T04:37:28Z">
    <groups>
    </groups>
    <test name="Becow Project" duration-ms="317906" started-at="2019-05-12T04:32:10Z" finished-at="2019-05-12T04:37:28Z">
      <class name="BecowTestcases.CreateProductScript">
        <test-method status="PASS" signature="BeforeClass(java.lang.String, java.lang.String, java.lang.String)[pri:0, instance:BecowTestcases.CreateProductScript@675d3402]" name="BeforeClass" is-config="true" duration-ms="24045" started-at="2019-05-12T11:32:10Z" finished-at="2019-05-12T11:32:34Z">
          <params>
            <param index="0">
              <value>
                <![CDATA[chrome]]>
              </value>
            </param>
            <param index="1">
              <value>
                <![CDATA[74.0.3729.6]]>
              </value>
            </param>
            <param index="2">
              <value>
                <![CDATA[https://www.beecow.com/market]]>
              </value>
            </param>
          </params>
          <reporter-output>
          </reporter-output>
        </test-method> <!-- BeforeClass -->
        <test-method status="PASS" signature="BeforeMethod()[pri:0, instance:BecowTestcases.CreateProductScript@675d3402]" name="BeforeMethod" is-config="true" duration-ms="1148" started-at="2019-05-12T11:32:34Z" finished-at="2019-05-12T11:32:35Z">
          <reporter-output>
          </reporter-output>
        </test-method> <!-- BeforeMethod -->
        <test-method status="PASS" signature="TC_09_CreateProductWithoutInputRequireFields()[pri:0, instance:BecowTestcases.CreateProductScript@675d3402]" name="TC_09_CreateProductWithoutInputRequireFields" duration-ms="739" started-at="2019-05-12T11:32:35Z" finished-at="2019-05-12T11:32:36Z">
          <reporter-output>
          </reporter-output>
        </test-method> <!-- TC_09_CreateProductWithoutInputRequireFields -->
        <test-method status="PASS" signature="AfterMethod()[pri:0, instance:BecowTestcases.CreateProductScript@675d3402]" name="AfterMethod" is-config="true" duration-ms="972" started-at="2019-05-12T11:32:36Z" finished-at="2019-05-12T11:32:37Z">
          <reporter-output>
          </reporter-output>
        </test-method> <!-- AfterMethod -->
        <test-method status="PASS" signature="BeforeMethod()[pri:0, instance:BecowTestcases.CreateProductScript@675d3402]" name="BeforeMethod" is-config="true" duration-ms="1347" started-at="2019-05-12T11:32:37Z" finished-at="2019-05-12T11:32:38Z">
          <reporter-output>
          </reporter-output>
        </test-method> <!-- BeforeMethod -->
        <test-method status="PASS" signature="TC_10_JustUploadImage()[pri:0, instance:BecowTestcases.CreateProductScript@675d3402]" name="TC_10_JustUploadImage" duration-ms="846" started-at="2019-05-12T11:32:38Z" finished-at="2019-05-12T11:32:39Z">
          <reporter-output>
          </reporter-output>
        </test-method> <!-- TC_10_JustUploadImage -->
        <test-method status="PASS" signature="AfterMethod()[pri:0, instance:BecowTestcases.CreateProductScript@675d3402]" name="AfterMethod" is-config="true" duration-ms="924" started-at="2019-05-12T11:32:39Z" finished-at="2019-05-12T11:32:40Z">
          <reporter-output>
          </reporter-output>
        </test-method> <!-- AfterMethod -->
        <test-method status="PASS" signature="BeforeMethod()[pri:0, instance:BecowTestcases.CreateProductScript@675d3402]" name="BeforeMethod" is-config="true" duration-ms="1438" started-at="2019-05-12T11:32:40Z" finished-at="2019-05-12T11:32:41Z">
          <reporter-output>
          </reporter-output>
        </test-method> <!-- BeforeMethod -->
        <test-method status="PASS" signature="TC_11_JustUploadImageInputRandomProductName()[pri:0, instance:BecowTestcases.CreateProductScript@675d3402]" name="TC_11_JustUploadImageInputRandomProductName" duration-ms="1943" started-at="2019-05-12T11:32:41Z" finished-at="2019-05-12T11:32:43Z">
          <reporter-output>
          </reporter-output>
        </test-method> <!-- TC_11_JustUploadImageInputRandomProductName -->
        <test-method status="PASS" signature="AfterMethod()[pri:0, instance:BecowTestcases.CreateProductScript@675d3402]" name="AfterMethod" is-config="true" duration-ms="2149" started-at="2019-05-12T11:32:43Z" finished-at="2019-05-12T11:32:45Z">
          <reporter-output>
          </reporter-output>
        </test-method> <!-- AfterMethod -->
        <test-method status="PASS" signature="BeforeMethod()[pri:0, instance:BecowTestcases.CreateProductScript@675d3402]" name="BeforeMethod" is-config="true" duration-ms="1424" started-at="2019-05-12T11:32:45Z" finished-at="2019-05-12T11:32:47Z">
          <reporter-output>
          </reporter-output>
        </test-method> <!-- BeforeMethod -->
        <test-method status="PASS" signature="TC_12_RandomSelectDanhMuc()[pri:0, instance:BecowTestcases.CreateProductScript@675d3402]" name="TC_12_RandomSelectDanhMuc" duration-ms="5422" started-at="2019-05-12T11:32:47Z" finished-at="2019-05-12T11:32:52Z">
          <reporter-output>
          </reporter-output>
        </test-method> <!-- TC_12_RandomSelectDanhMuc -->
        <test-method status="PASS" signature="AfterMethod()[pri:0, instance:BecowTestcases.CreateProductScript@675d3402]" name="AfterMethod" is-config="true" duration-ms="1776" started-at="2019-05-12T11:32:52Z" finished-at="2019-05-12T11:32:54Z">
          <reporter-output>
          </reporter-output>
        </test-method> <!-- AfterMethod -->
        <test-method status="PASS" signature="BeforeMethod()[pri:0, instance:BecowTestcases.CreateProductScript@675d3402]" name="BeforeMethod" is-config="true" duration-ms="2054" started-at="2019-05-12T11:32:54Z" finished-at="2019-05-12T11:32:56Z">
          <reporter-output>
          </reporter-output>
        </test-method> <!-- BeforeMethod -->
        <test-method status="PASS" signature="TC_14_RandomDanhMucAndInputDescription()[pri:0, instance:BecowTestcases.CreateProductScript@675d3402]" name="TC_14_RandomDanhMucAndInputDescription" duration-ms="5989" started-at="2019-05-12T11:32:56Z" finished-at="2019-05-12T11:33:02Z">
          <reporter-output>
          </reporter-output>
        </test-method> <!-- TC_14_RandomDanhMucAndInputDescription -->
        <test-method status="PASS" signature="AfterMethod()[pri:0, instance:BecowTestcases.CreateProductScript@675d3402]" name="AfterMethod" is-config="true" duration-ms="1901" started-at="2019-05-12T11:33:02Z" finished-at="2019-05-12T11:33:04Z">
          <reporter-output>
          </reporter-output>
        </test-method> <!-- AfterMethod -->
        <test-method status="PASS" signature="BeforeMethod()[pri:0, instance:BecowTestcases.CreateProductScript@675d3402]" name="BeforeMethod" is-config="true" duration-ms="1614" started-at="2019-05-12T11:33:04Z" finished-at="2019-05-12T11:33:06Z">
          <reporter-output>
          </reporter-output>
        </test-method> <!-- BeforeMethod -->
        <test-method status="PASS" signature="TC_15_RandomDanhMucAndInputDescriptionInputQuantity()[pri:0, instance:BecowTestcases.CreateProductScript@675d3402]" name="TC_15_RandomDanhMucAndInputDescriptionInputQuantity" duration-ms="5218" started-at="2019-05-12T11:33:06Z" finished-at="2019-05-12T11:33:11Z">
          <reporter-output>
          </reporter-output>
        </test-method> <!-- TC_15_RandomDanhMucAndInputDescriptionInputQuantity -->
        <test-method status="PASS" signature="AfterMethod()[pri:0, instance:BecowTestcases.CreateProductScript@675d3402]" name="AfterMethod" is-config="true" duration-ms="1788" started-at="2019-05-12T11:33:11Z" finished-at="2019-05-12T11:33:13Z">
          <reporter-output>
          </reporter-output>
        </test-method> <!-- AfterMethod -->
        <test-method status="PASS" signature="BeforeMethod()[pri:0, instance:BecowTestcases.CreateProductScript@675d3402]" name="BeforeMethod" is-config="true" duration-ms="1596" started-at="2019-05-12T11:33:13Z" finished-at="2019-05-12T11:33:14Z">
          <reporter-output>
          </reporter-output>
        </test-method> <!-- BeforeMethod -->
        <test-method status="PASS" signature="TC_16_RandomDanhMucAndInputDescriptionInputQuantityInputPrice()[pri:0, instance:BecowTestcases.CreateProductScript@675d3402]" name="TC_16_RandomDanhMucAndInputDescriptionInputQuantityInputPrice" duration-ms="6353" started-at="2019-05-12T11:33:14Z" finished-at="2019-05-12T11:33:21Z">
          <reporter-output>
          </reporter-output>
        </test-method> <!-- TC_16_RandomDanhMucAndInputDescriptionInputQuantityInputPrice -->
        <test-method status="PASS" signature="AfterMethod()[pri:0, instance:BecowTestcases.CreateProductScript@675d3402]" name="AfterMethod" is-config="true" duration-ms="1694" started-at="2019-05-12T11:33:21Z" finished-at="2019-05-12T11:33:22Z">
          <reporter-output>
          </reporter-output>
        </test-method> <!-- AfterMethod -->
        <test-method status="PASS" signature="BeforeMethod()[pri:0, instance:BecowTestcases.CreateProductScript@675d3402]" name="BeforeMethod" is-config="true" duration-ms="1560" started-at="2019-05-12T11:33:22Z" finished-at="2019-05-12T11:33:24Z">
          <reporter-output>
          </reporter-output>
        </test-method> <!-- BeforeMethod -->
        <test-method status="PASS" signature="TC_17_RandomDanhMucAndInputDescriptionInputQuantityInputWeight49()[pri:0, instance:BecowTestcases.CreateProductScript@675d3402]" name="TC_17_RandomDanhMucAndInputDescriptionInputQuantityInputWeight49" duration-ms="11741" started-at="2019-05-12T11:33:24Z" finished-at="2019-05-12T11:33:36Z">
          <reporter-output>
          </reporter-output>
        </test-method> <!-- TC_17_RandomDanhMucAndInputDescriptionInputQuantityInputWeight49 -->
        <test-method status="PASS" signature="AfterMethod()[pri:0, instance:BecowTestcases.CreateProductScript@675d3402]" name="AfterMethod" is-config="true" duration-ms="2095" started-at="2019-05-12T11:33:36Z" finished-at="2019-05-12T11:33:38Z">
          <reporter-output>
          </reporter-output>
        </test-method> <!-- AfterMethod -->
        <test-method status="PASS" signature="BeforeMethod()[pri:0, instance:BecowTestcases.CreateProductScript@675d3402]" name="BeforeMethod" is-config="true" duration-ms="1493" started-at="2019-05-12T11:33:38Z" finished-at="2019-05-12T11:33:39Z">
          <reporter-output>
          </reporter-output>
        </test-method> <!-- BeforeMethod -->
        <test-method status="PASS" signature="TC_18_RandomDanhMucAndInputDescriptionInputQuantityInputWeight10001()[pri:0, instance:BecowTestcases.CreateProductScript@675d3402]" name="TC_18_RandomDanhMucAndInputDescriptionInputQuantityInputWeight10001" duration-ms="16349" started-at="2019-05-12T11:33:39Z" finished-at="2019-05-12T11:33:56Z">
          <reporter-output>
          </reporter-output>
        </test-method> <!-- TC_18_RandomDanhMucAndInputDescriptionInputQuantityInputWeight10001 -->
        <test-method status="PASS" signature="AfterMethod()[pri:0, instance:BecowTestcases.CreateProductScript@675d3402]" name="AfterMethod" is-config="true" duration-ms="1852" started-at="2019-05-12T11:33:56Z" finished-at="2019-05-12T11:33:57Z">
          <reporter-output>
          </reporter-output>
        </test-method> <!-- AfterMethod -->
        <test-method status="PASS" signature="BeforeMethod()[pri:0, instance:BecowTestcases.CreateProductScript@675d3402]" name="BeforeMethod" is-config="true" duration-ms="1532" started-at="2019-05-12T11:33:57Z" finished-at="2019-05-12T11:33:59Z">
          <reporter-output>
          </reporter-output>
        </test-method> <!-- BeforeMethod -->
        <test-method status="PASS" signature="TC_19_RandomDanhMucAndInputDescriptionInputQuantityInputWeight50()[pri:0, instance:BecowTestcases.CreateProductScript@675d3402]" name="TC_19_RandomDanhMucAndInputDescriptionInputQuantityInputWeight50" duration-ms="16446" started-at="2019-05-12T11:33:59Z" finished-at="2019-05-12T11:34:15Z">
          <reporter-output>
          </reporter-output>
        </test-method> <!-- TC_19_RandomDanhMucAndInputDescriptionInputQuantityInputWeight50 -->
        <test-method status="PASS" signature="AfterMethod()[pri:0, instance:BecowTestcases.CreateProductScript@675d3402]" name="AfterMethod" is-config="true" duration-ms="1660" started-at="2019-05-12T11:34:15Z" finished-at="2019-05-12T11:34:17Z">
          <reporter-output>
          </reporter-output>
        </test-method> <!-- AfterMethod -->
        <test-method status="PASS" signature="BeforeMethod()[pri:0, instance:BecowTestcases.CreateProductScript@675d3402]" name="BeforeMethod" is-config="true" duration-ms="1553" started-at="2019-05-12T11:34:17Z" finished-at="2019-05-12T11:34:19Z">
          <reporter-output>
          </reporter-output>
        </test-method> <!-- BeforeMethod -->
        <test-method status="PASS" signature="TC_21_InputWith0()[pri:0, instance:BecowTestcases.CreateProductScript@675d3402]" name="TC_21_InputWith0" duration-ms="6811" started-at="2019-05-12T11:34:19Z" finished-at="2019-05-12T11:34:25Z">
          <reporter-output>
          </reporter-output>
        </test-method> <!-- TC_21_InputWith0 -->
        <test-method status="PASS" signature="AfterMethod()[pri:0, instance:BecowTestcases.CreateProductScript@675d3402]" name="AfterMethod" is-config="true" duration-ms="1935" started-at="2019-05-12T11:34:25Z" finished-at="2019-05-12T11:34:27Z">
          <reporter-output>
          </reporter-output>
        </test-method> <!-- AfterMethod -->
        <test-method status="PASS" signature="BeforeMethod()[pri:0, instance:BecowTestcases.CreateProductScript@675d3402]" name="BeforeMethod" is-config="true" duration-ms="1500" started-at="2019-05-12T11:34:27Z" finished-at="2019-05-12T11:34:29Z">
          <reporter-output>
          </reporter-output>
        </test-method> <!-- BeforeMethod -->
        <test-method status="PASS" signature="TC_22_InputWith51()[pri:0, instance:BecowTestcases.CreateProductScript@675d3402]" name="TC_22_InputWith51" duration-ms="6826" started-at="2019-05-12T11:34:29Z" finished-at="2019-05-12T11:34:36Z">
          <reporter-output>
          </reporter-output>
        </test-method> <!-- TC_22_InputWith51 -->
        <test-method status="PASS" signature="AfterMethod()[pri:0, instance:BecowTestcases.CreateProductScript@675d3402]" name="AfterMethod" is-config="true" duration-ms="1815" started-at="2019-05-12T11:34:36Z" finished-at="2019-05-12T11:34:38Z">
          <reporter-output>
          </reporter-output>
        </test-method> <!-- AfterMethod -->
        <test-method status="PASS" signature="BeforeMethod()[pri:0, instance:BecowTestcases.CreateProductScript@675d3402]" name="BeforeMethod" is-config="true" duration-ms="1956" started-at="2019-05-12T11:34:38Z" finished-at="2019-05-12T11:34:39Z">
          <reporter-output>
          </reporter-output>
        </test-method> <!-- BeforeMethod -->
        <test-method status="PASS" signature="TC_23_InputWith1()[pri:0, instance:BecowTestcases.CreateProductScript@675d3402]" name="TC_23_InputWith1" duration-ms="5251" started-at="2019-05-12T11:34:39Z" finished-at="2019-05-12T11:34:45Z">
          <reporter-output>
          </reporter-output>
        </test-method> <!-- TC_23_InputWith1 -->
        <test-method status="PASS" signature="AfterMethod()[pri:0, instance:BecowTestcases.CreateProductScript@675d3402]" name="AfterMethod" is-config="true" duration-ms="1662" started-at="2019-05-12T11:34:45Z" finished-at="2019-05-12T11:34:46Z">
          <reporter-output>
          </reporter-output>
        </test-method> <!-- AfterMethod -->
        <test-method status="PASS" signature="BeforeMethod()[pri:0, instance:BecowTestcases.CreateProductScript@675d3402]" name="BeforeMethod" is-config="true" duration-ms="1698" started-at="2019-05-12T11:34:46Z" finished-at="2019-05-12T11:34:48Z">
          <reporter-output>
          </reporter-output>
        </test-method> <!-- BeforeMethod -->
        <test-method status="PASS" signature="TC_24_InputWith50()[pri:0, instance:BecowTestcases.CreateProductScript@675d3402]" name="TC_24_InputWith50" duration-ms="6423" started-at="2019-05-12T11:34:48Z" finished-at="2019-05-12T11:34:54Z">
          <reporter-output>
          </reporter-output>
        </test-method> <!-- TC_24_InputWith50 -->
        <test-method status="PASS" signature="AfterMethod()[pri:0, instance:BecowTestcases.CreateProductScript@675d3402]" name="AfterMethod" is-config="true" duration-ms="1569" started-at="2019-05-12T11:34:54Z" finished-at="2019-05-12T11:34:56Z">
          <reporter-output>
          </reporter-output>
        </test-method> <!-- AfterMethod -->
        <test-method status="PASS" signature="BeforeMethod()[pri:0, instance:BecowTestcases.CreateProductScript@675d3402]" name="BeforeMethod" is-config="true" duration-ms="1387" started-at="2019-05-12T11:34:56Z" finished-at="2019-05-12T11:34:57Z">
          <reporter-output>
          </reporter-output>
        </test-method> <!-- BeforeMethod -->
        <test-method status="PASS" signature="TC_25_InputLength0()[pri:0, instance:BecowTestcases.CreateProductScript@675d3402]" name="TC_25_InputLength0" duration-ms="6634" started-at="2019-05-12T11:34:57Z" finished-at="2019-05-12T11:35:04Z">
          <reporter-output>
          </reporter-output>
        </test-method> <!-- TC_25_InputLength0 -->
        <test-method status="PASS" signature="AfterMethod()[pri:0, instance:BecowTestcases.CreateProductScript@675d3402]" name="AfterMethod" is-config="true" duration-ms="1624" started-at="2019-05-12T11:35:04Z" finished-at="2019-05-12T11:35:06Z">
          <reporter-output>
          </reporter-output>
        </test-method> <!-- AfterMethod -->
        <test-method status="PASS" signature="BeforeMethod()[pri:0, instance:BecowTestcases.CreateProductScript@675d3402]" name="BeforeMethod" is-config="true" duration-ms="1440" started-at="2019-05-12T11:35:06Z" finished-at="2019-05-12T11:35:07Z">
          <reporter-output>
          </reporter-output>
        </test-method> <!-- BeforeMethod -->
        <test-method status="PASS" signature="TC_26_InputLength31()[pri:0, instance:BecowTestcases.CreateProductScript@675d3402]" name="TC_26_InputLength31" duration-ms="6859" started-at="2019-05-12T11:35:07Z" finished-at="2019-05-12T11:35:14Z">
          <reporter-output>
          </reporter-output>
        </test-method> <!-- TC_26_InputLength31 -->
        <test-method status="PASS" signature="AfterMethod()[pri:0, instance:BecowTestcases.CreateProductScript@675d3402]" name="AfterMethod" is-config="true" duration-ms="1848" started-at="2019-05-12T11:35:14Z" finished-at="2019-05-12T11:35:16Z">
          <reporter-output>
          </reporter-output>
        </test-method> <!-- AfterMethod -->
        <test-method status="PASS" signature="BeforeMethod()[pri:0, instance:BecowTestcases.CreateProductScript@675d3402]" name="BeforeMethod" is-config="true" duration-ms="1610" started-at="2019-05-12T11:35:16Z" finished-at="2019-05-12T11:35:17Z">
          <reporter-output>
          </reporter-output>
        </test-method> <!-- BeforeMethod -->
        <test-method status="PASS" signature="TC_27_InputLength1()[pri:0, instance:BecowTestcases.CreateProductScript@675d3402]" name="TC_27_InputLength1" duration-ms="6832" started-at="2019-05-12T11:35:17Z" finished-at="2019-05-12T11:35:24Z">
          <reporter-output>
          </reporter-output>
        </test-method> <!-- TC_27_InputLength1 -->
        <test-method status="PASS" signature="AfterMethod()[pri:0, instance:BecowTestcases.CreateProductScript@675d3402]" name="AfterMethod" is-config="true" duration-ms="1814" started-at="2019-05-12T11:35:24Z" finished-at="2019-05-12T11:35:26Z">
          <reporter-output>
          </reporter-output>
        </test-method> <!-- AfterMethod -->
        <test-method status="PASS" signature="BeforeMethod()[pri:0, instance:BecowTestcases.CreateProductScript@675d3402]" name="BeforeMethod" is-config="true" duration-ms="1893" started-at="2019-05-12T11:35:26Z" finished-at="2019-05-12T11:35:28Z">
          <reporter-output>
          </reporter-output>
        </test-method> <!-- BeforeMethod -->
        <test-method status="PASS" signature="TC_28_InputLength30()[pri:0, instance:BecowTestcases.CreateProductScript@675d3402]" name="TC_28_InputLength30" duration-ms="6860" started-at="2019-05-12T11:35:28Z" finished-at="2019-05-12T11:35:35Z">
          <reporter-output>
          </reporter-output>
        </test-method> <!-- TC_28_InputLength30 -->
        <test-method status="PASS" signature="AfterMethod()[pri:0, instance:BecowTestcases.CreateProductScript@675d3402]" name="AfterMethod" is-config="true" duration-ms="1787" started-at="2019-05-12T11:35:35Z" finished-at="2019-05-12T11:35:37Z">
          <reporter-output>
          </reporter-output>
        </test-method> <!-- AfterMethod -->
        <test-method status="PASS" signature="BeforeMethod()[pri:0, instance:BecowTestcases.CreateProductScript@675d3402]" name="BeforeMethod" is-config="true" duration-ms="1521" started-at="2019-05-12T11:35:37Z" finished-at="2019-05-12T11:35:38Z">
          <reporter-output>
          </reporter-output>
        </test-method> <!-- BeforeMethod -->
        <test-method status="PASS" signature="TC_29_InputHeight0()[pri:0, instance:BecowTestcases.CreateProductScript@675d3402]" name="TC_29_InputHeight0" duration-ms="7216" started-at="2019-05-12T11:35:38Z" finished-at="2019-05-12T11:35:45Z">
          <reporter-output>
          </reporter-output>
        </test-method> <!-- TC_29_InputHeight0 -->
        <test-method status="PASS" signature="AfterMethod()[pri:0, instance:BecowTestcases.CreateProductScript@675d3402]" name="AfterMethod" is-config="true" duration-ms="1411" started-at="2019-05-12T11:35:45Z" finished-at="2019-05-12T11:35:47Z">
          <reporter-output>
          </reporter-output>
        </test-method> <!-- AfterMethod -->
        <test-method status="PASS" signature="BeforeMethod()[pri:0, instance:BecowTestcases.CreateProductScript@675d3402]" name="BeforeMethod" is-config="true" duration-ms="1942" started-at="2019-05-12T11:35:47Z" finished-at="2019-05-12T11:35:49Z">
          <reporter-output>
          </reporter-output>
        </test-method> <!-- BeforeMethod -->
        <test-method status="PASS" signature="TC_30_InputHeight51()[pri:0, instance:BecowTestcases.CreateProductScript@675d3402]" name="TC_30_InputHeight51" duration-ms="7428" started-at="2019-05-12T11:35:49Z" finished-at="2019-05-12T11:35:56Z">
          <reporter-output>
          </reporter-output>
        </test-method> <!-- TC_30_InputHeight51 -->
        <test-method status="PASS" signature="AfterMethod()[pri:0, instance:BecowTestcases.CreateProductScript@675d3402]" name="AfterMethod" is-config="true" duration-ms="2039" started-at="2019-05-12T11:35:56Z" finished-at="2019-05-12T11:35:58Z">
          <reporter-output>
          </reporter-output>
        </test-method> <!-- AfterMethod -->
        <test-method status="PASS" signature="BeforeMethod()[pri:0, instance:BecowTestcases.CreateProductScript@675d3402]" name="BeforeMethod" is-config="true" duration-ms="1473" started-at="2019-05-12T11:35:58Z" finished-at="2019-05-12T11:36:00Z">
          <reporter-output>
          </reporter-output>
        </test-method> <!-- BeforeMethod -->
        <test-method status="PASS" signature="TC_31_CreateProductSuccessfullyIfInputHeight1()[pri:0, instance:BecowTestcases.CreateProductScript@675d3402]" name="TC_31_CreateProductSuccessfullyIfInputHeight1" duration-ms="9772" started-at="2019-05-12T11:36:00Z" finished-at="2019-05-12T11:36:09Z">
          <reporter-output>
          </reporter-output>
        </test-method> <!-- TC_31_CreateProductSuccessfullyIfInputHeight1 -->
        <test-method status="PASS" signature="AfterMethod()[pri:0, instance:BecowTestcases.CreateProductScript@675d3402]" name="AfterMethod" is-config="true" duration-ms="1679" started-at="2019-05-12T11:36:09Z" finished-at="2019-05-12T11:36:11Z">
          <reporter-output>
          </reporter-output>
        </test-method> <!-- AfterMethod -->
        <test-method status="PASS" signature="BeforeMethod()[pri:0, instance:BecowTestcases.CreateProductScript@675d3402]" name="BeforeMethod" is-config="true" duration-ms="1711" started-at="2019-05-12T11:36:11Z" finished-at="2019-05-12T11:36:13Z">
          <reporter-output>
          </reporter-output>
        </test-method> <!-- BeforeMethod -->
        <test-method status="PASS" signature="TC_32_CreateProductSuccessfullyIfInputHeight50()[pri:0, instance:BecowTestcases.CreateProductScript@675d3402]" name="TC_32_CreateProductSuccessfullyIfInputHeight50" duration-ms="8603" started-at="2019-05-12T11:36:13Z" finished-at="2019-05-12T11:36:21Z">
          <reporter-output>
          </reporter-output>
        </test-method> <!-- TC_32_CreateProductSuccessfullyIfInputHeight50 -->
        <test-method status="PASS" signature="AfterMethod()[pri:0, instance:BecowTestcases.CreateProductScript@675d3402]" name="AfterMethod" is-config="true" duration-ms="1918" started-at="2019-05-12T11:36:21Z" finished-at="2019-05-12T11:36:23Z">
          <reporter-output>
          </reporter-output>
        </test-method> <!-- AfterMethod -->
        <test-method status="PASS" signature="BeforeMethod()[pri:0, instance:BecowTestcases.CreateProductScript@675d3402]" name="BeforeMethod" is-config="true" duration-ms="1640" started-at="2019-05-12T11:36:23Z" finished-at="2019-05-12T11:36:25Z">
          <reporter-output>
          </reporter-output>
        </test-method> <!-- BeforeMethod -->
        <test-method status="PASS" signature="TC_33_AllFieldsLikeUserInputted()[pri:0, instance:BecowTestcases.CreateProductScript@675d3402]" name="TC_33_AllFieldsLikeUserInputted" duration-ms="30505" started-at="2019-05-12T11:36:25Z" finished-at="2019-05-12T11:36:56Z">
          <reporter-output>
          </reporter-output>
        </test-method> <!-- TC_33_AllFieldsLikeUserInputted -->
        <test-method status="PASS" signature="AfterMethod()[pri:0, instance:BecowTestcases.CreateProductScript@675d3402]" name="AfterMethod" is-config="true" duration-ms="2309" started-at="2019-05-12T11:36:56Z" finished-at="2019-05-12T11:36:58Z">
          <reporter-output>
          </reporter-output>
        </test-method> <!-- AfterMethod -->
        <test-method status="PASS" signature="BeforeMethod()[pri:0, instance:BecowTestcases.CreateProductScript@675d3402]" name="BeforeMethod" is-config="true" duration-ms="1644" started-at="2019-05-12T11:36:58Z" finished-at="2019-05-12T11:36:59Z">
          <reporter-output>
          </reporter-output>
        </test-method> <!-- BeforeMethod -->
        <test-method status="PASS" signature="TC_34_UpdateQuantityIs0WillShowHetHang()[pri:0, instance:BecowTestcases.CreateProductScript@675d3402]" name="TC_34_UpdateQuantityIs0WillShowHetHang" duration-ms="25980" started-at="2019-05-12T11:36:59Z" finished-at="2019-05-12T11:37:25Z">
          <reporter-output>
          </reporter-output>
        </test-method> <!-- TC_34_UpdateQuantityIs0WillShowHetHang -->
        <test-method status="PASS" signature="AfterMethod()[pri:0, instance:BecowTestcases.CreateProductScript@675d3402]" name="AfterMethod" is-config="true" duration-ms="2348" started-at="2019-05-12T11:37:25Z" finished-at="2019-05-12T11:37:28Z">
          <reporter-output>
          </reporter-output>
        </test-method> <!-- AfterMethod -->
      </class> <!-- BecowTestcases.CreateProductScript -->
    </test> <!-- Becow Project -->
  </suite> <!-- Suite -->
</testng-results>
